[debug] [2020-11-13T00:06:49.718Z] ----------------------------------------------------------------------
[debug] [2020-11-13T00:06:49.721Z] Command:       C:\Program Files\nodejs\node.exe C:\Users\strzy\AppData\Roaming\npm\node_modules\firebase-tools\lib\bin\firebase.js emulators:start
[debug] [2020-11-13T00:06:49.721Z] CLI Version:   8.12.1
[debug] [2020-11-13T00:06:49.721Z] Platform:      win32
[debug] [2020-11-13T00:06:49.721Z] Node Version:  v12.18.0
[debug] [2020-11-13T00:06:49.723Z] Time:          Fri Nov 13 2020 01:06:49 GMT+0100 (GMT+01:00)
[debug] [2020-11-13T00:06:49.724Z] ----------------------------------------------------------------------
[debug] [2020-11-13T00:06:49.724Z] 
[debug] [2020-11-13T00:06:49.740Z] > command requires scopes: ["email","openid","https://www.googleapis.com/auth/cloudplatformprojects.readonly","https://www.googleapis.com/auth/firebase","https://www.googleapis.com/auth/cloud-platform"]
[debug] [2020-11-13T00:06:49.741Z] > authorizing via signed-in user
[info] i  emulators: Starting emulators: functions {"metadata":{"emulator":{"name":"hub"},"message":"Starting emulators: functions"}}
[debug] [2020-11-13T00:06:51.786Z] [hub] writing locator at C:\Users\strzy\AppData\Local\Temp\hub-poradnik-6eee8.json
[warn] !  functions: The following emulators are not running, calls to these services from the Functions emulator will affect production: auth, firestore, database, hosting, pubsub {"metadata":{"emulator":{"name":"functions"},"message":"The following emulators are not running, calls to these services from the Functions emulator will affect production: \u001b[1mauth, firestore, database, hosting, pubsub\u001b[22m"}}
[warn] !  Your requested "node" version "10" doesn't match your global version "12" {"metadata":{"emulator":{"name":"functions"},"message":"Your requested \"node\" version \"10\" doesn't match your global version \"12\""}}
[debug] [2020-11-13T00:06:53.819Z] defaultcredentials: writing to file C:\Users\strzy\AppData\Roaming\firebase\strzyzewski_albertms_gmail.com_application_default_credentials.json
[debug] [2020-11-13T00:06:53.820Z] Setting GAC to C:\Users\strzy\AppData\Roaming\firebase\strzyzewski_albertms_gmail.com_application_default_credentials.json {"metadata":{"emulator":{"name":"functions"},"message":"Setting GAC to C:\\Users\\strzy\\AppData\\Roaming\\firebase\\strzyzewski_albertms_gmail.com_application_default_credentials.json"}}
[debug] [2020-11-13T00:06:57.833Z] Ignoring unsupported arg: auto_download {"metadata":{"emulator":{"name":"ui"},"message":"Ignoring unsupported arg: auto_download"}}
[debug] [2020-11-13T00:06:57.834Z] Ignoring unsupported arg: port {"metadata":{"emulator":{"name":"ui"},"message":"Ignoring unsupported arg: port"}}
[debug] [2020-11-13T00:06:57.834Z] Starting Emulator UI with command {"binary":"node","args":["C:\\Users\\strzy\\.cache\\firebase\\emulators\\ui-v1.1.1\\server.bundle.js"],"optionalArgs":[],"joinArgs":false} {"metadata":{"emulator":{"name":"ui"},"message":"Starting Emulator UI with command {\"binary\":\"node\",\"args\":[\"C:\\\\Users\\\\strzy\\\\.cache\\\\firebase\\\\emulators\\\\ui-v1.1.1\\\\server.bundle.js\"],\"optionalArgs\":[],\"joinArgs\":false}"}}
[info] i  ui: Emulator UI logging to ui-debug.log {"metadata":{"emulator":{"name":"ui"},"message":"Emulator UI logging to \u001b[1mui-debug.log\u001b[22m"}}
[debug] [2020-11-13T00:06:57.966Z] Web / API server started at http://localhost:4000
 {"metadata":{"emulator":{"name":"ui"},"message":"Web / API server started at http://localhost:4000\n"}}
[info] i  functions: Watching "D:\WWW PROJEKTY\AMAZON02\amazon\functions" for Cloud Functions... {"metadata":{"emulator":{"name":"functions"},"message":"Watching \"D:\\WWW PROJEKTY\\AMAZON02\\amazon\\functions\" for Cloud Functions..."}}
[debug] [2020-11-13T00:06:58.353Z] [worker-pool] addWorker(~diagnostic~) {"metadata":{"emulator":{"name":"functions"},"message":"[worker-pool] addWorker(~diagnostic~)"}}
[debug] [2020-11-13T00:06:58.353Z] [worker-pool] Adding worker with key ~diagnostic~, total=1 {"metadata":{"emulator":{"name":"functions"},"message":"[worker-pool] Adding worker with key ~diagnostic~, total=1"}}
[debug] [2020-11-13T00:06:58.353Z] [worker-pool] submitWork(triggerId=) {"metadata":{"emulator":{"name":"functions"},"message":"[worker-pool] submitWork(triggerId=)"}}
[debug] [2020-11-13T00:06:58.354Z] [worker-~diagnostic~-296ff6b1-1b22-4c5a-a23e-138e45799dbf]: Assigning socketPath: \\?\pipe\D:\WWW PROJEKTY\AMAZON02\amazon\functions\436 {"metadata":{"emulator":{"name":"functions"},"message":"[worker-~diagnostic~-296ff6b1-1b22-4c5a-a23e-138e45799dbf]: Assigning socketPath: \\\\?\\pipe\\D:\\WWW PROJEKTY\\AMAZON02\\amazon\\functions\\436"}}
[debug] [2020-11-13T00:06:58.354Z] [worker-~diagnostic~-296ff6b1-1b22-4c5a-a23e-138e45799dbf]: BUSY {"metadata":{"emulator":{"name":"functions"},"message":"[worker-~diagnostic~-296ff6b1-1b22-4c5a-a23e-138e45799dbf]: BUSY"}}
[debug] [2020-11-13T00:06:58.883Z] [runtime-status] [436] Functions runtime initialized. {"cwd":"D:\\WWW PROJEKTY\\AMAZON02\\amazon\\functions","node_version":"12.18.0"} {"metadata":{"emulator":{"name":"functions"},"message":"[runtime-status] [436] Functions runtime initialized. {\"cwd\":\"D:\\\\WWW PROJEKTY\\\\AMAZON02\\\\amazon\\\\functions\",\"node_version\":\"12.18.0\"}"}}
[debug] [2020-11-13T00:06:58.885Z] [runtime-status] [436] Disabled runtime features: undefined {"metadata":{"emulator":{"name":"functions"},"message":"[runtime-status] [436] Disabled runtime features: undefined"}}
[debug] [2020-11-13T00:06:58.890Z] [runtime-status] [436] Resolved module firebase-admin {"declared":true,"installed":true,"version":"8.13.0","resolution":"D:\\WWW PROJEKTY\\AMAZON02\\amazon\\functions\\node_modules\\firebase-admin\\lib\\index.js"} {"metadata":{"emulator":{"name":"functions"},"message":"[runtime-status] [436] Resolved module firebase-admin {\"declared\":true,\"installed\":true,\"version\":\"8.13.0\",\"resolution\":\"D:\\\\WWW PROJEKTY\\\\AMAZON02\\\\amazon\\\\functions\\\\node_modules\\\\firebase-admin\\\\lib\\\\index.js\"}"}}
[debug] [2020-11-13T00:06:58.894Z] [runtime-status] [436] Resolved module firebase-functions {"declared":true,"installed":true,"version":"3.11.0","resolution":"D:\\WWW PROJEKTY\\AMAZON02\\amazon\\functions\\node_modules\\firebase-functions\\lib\\index.js"} {"metadata":{"emulator":{"name":"functions"},"message":"[runtime-status] [436] Resolved module firebase-functions {\"declared\":true,\"installed\":true,\"version\":\"3.11.0\",\"resolution\":\"D:\\\\WWW PROJEKTY\\\\AMAZON02\\\\amazon\\\\functions\\\\node_modules\\\\firebase-functions\\\\lib\\\\index.js\"}"}}
[debug] [2020-11-13T00:06:58.896Z] [runtime-status] [436] Resolved module firebase-functions {"declared":true,"installed":true,"version":"3.11.0","resolution":"D:\\WWW PROJEKTY\\AMAZON02\\amazon\\functions\\node_modules\\firebase-functions\\lib\\index.js"} {"metadata":{"emulator":{"name":"functions"},"message":"[runtime-status] [436] Resolved module firebase-functions {\"declared\":true,\"installed\":true,\"version\":\"3.11.0\",\"resolution\":\"D:\\\\WWW PROJEKTY\\\\AMAZON02\\\\amazon\\\\functions\\\\node_modules\\\\firebase-functions\\\\lib\\\\index.js\"}"}}
[debug] [2020-11-13T00:06:58.897Z] [runtime-status] [436] Outgoing network have been stubbed. [{"name":"http","status":"mocked"},{"name":"http","status":"mocked"},{"name":"https","status":"mocked"},{"name":"https","status":"mocked"},{"name":"net","status":"mocked"}] {"metadata":{"emulator":{"name":"functions"},"message":"[runtime-status] [436] Outgoing network have been stubbed. [{\"name\":\"http\",\"status\":\"mocked\"},{\"name\":\"http\",\"status\":\"mocked\"},{\"name\":\"https\",\"status\":\"mocked\"},{\"name\":\"https\",\"status\":\"mocked\"},{\"name\":\"net\",\"status\":\"mocked\"}]"}}
[debug] [2020-11-13T00:06:58.898Z] [runtime-status] [436] Resolved module firebase-functions {"declared":true,"installed":true,"version":"3.11.0","resolution":"D:\\WWW PROJEKTY\\AMAZON02\\amazon\\functions\\node_modules\\firebase-functions\\lib\\index.js"} {"metadata":{"emulator":{"name":"functions"},"message":"[runtime-status] [436] Resolved module firebase-functions {\"declared\":true,\"installed\":true,\"version\":\"3.11.0\",\"resolution\":\"D:\\\\WWW PROJEKTY\\\\AMAZON02\\\\amazon\\\\functions\\\\node_modules\\\\firebase-functions\\\\lib\\\\index.js\"}"}}
[debug] [2020-11-13T00:06:58.944Z] [runtime-status] [436] Checked functions.config() {"config":{}} {"metadata":{"emulator":{"name":"functions"},"message":"[runtime-status] [436] Checked functions.config() {\"config\":{}}"}}
[debug] [2020-11-13T00:06:58.944Z] [runtime-status] [436] firebase-functions has been stubbed. {"functionsResolution":{"declared":true,"installed":true,"version":"3.11.0","resolution":"D:\\WWW PROJEKTY\\AMAZON02\\amazon\\functions\\node_modules\\firebase-functions\\lib\\index.js"}} {"metadata":{"emulator":{"name":"functions"},"message":"[runtime-status] [436] firebase-functions has been stubbed. {\"functionsResolution\":{\"declared\":true,\"installed\":true,\"version\":\"3.11.0\",\"resolution\":\"D:\\\\WWW PROJEKTY\\\\AMAZON02\\\\amazon\\\\functions\\\\node_modules\\\\firebase-functions\\\\lib\\\\index.js\"}}"}}
[debug] [2020-11-13T00:06:58.944Z] [runtime-status] [436] Resolved module firebase-functions {"declared":true,"installed":true,"version":"3.11.0","resolution":"D:\\WWW PROJEKTY\\AMAZON02\\amazon\\functions\\node_modules\\firebase-functions\\lib\\index.js"} {"metadata":{"emulator":{"name":"functions"},"message":"[runtime-status] [436] Resolved module firebase-functions {\"declared\":true,\"installed\":true,\"version\":\"3.11.0\",\"resolution\":\"D:\\\\WWW PROJEKTY\\\\AMAZON02\\\\amazon\\\\functions\\\\node_modules\\\\firebase-functions\\\\lib\\\\index.js\"}"}}
[debug] [2020-11-13T00:06:58.945Z] [runtime-status] [436] Resolved module firebase-admin {"declared":true,"installed":true,"version":"8.13.0","resolution":"D:\\WWW PROJEKTY\\AMAZON02\\amazon\\functions\\node_modules\\firebase-admin\\lib\\index.js"} {"metadata":{"emulator":{"name":"functions"},"message":"[runtime-status] [436] Resolved module firebase-admin {\"declared\":true,\"installed\":true,\"version\":\"8.13.0\",\"resolution\":\"D:\\\\WWW PROJEKTY\\\\AMAZON02\\\\amazon\\\\functions\\\\node_modules\\\\firebase-admin\\\\lib\\\\index.js\"}"}}
[debug] [2020-11-13T00:06:58.946Z] [runtime-status] [436] Resolved module firebase-functions {"declared":true,"installed":true,"version":"3.11.0","resolution":"D:\\WWW PROJEKTY\\AMAZON02\\amazon\\functions\\node_modules\\firebase-functions\\lib\\index.js"} {"metadata":{"emulator":{"name":"functions"},"message":"[runtime-status] [436] Resolved module firebase-functions {\"declared\":true,\"installed\":true,\"version\":\"3.11.0\",\"resolution\":\"D:\\\\WWW PROJEKTY\\\\AMAZON02\\\\amazon\\\\functions\\\\node_modules\\\\firebase-functions\\\\lib\\\\index.js\"}"}}
[debug] [2020-11-13T00:06:58.947Z] [runtime-status] [436] firebase-admin has been stubbed. {"adminResolution":{"declared":true,"installed":true,"version":"8.13.0","resolution":"D:\\WWW PROJEKTY\\AMAZON02\\amazon\\functions\\node_modules\\firebase-admin\\lib\\index.js"}} {"metadata":{"emulator":{"name":"functions"},"message":"[runtime-status] [436] firebase-admin has been stubbed. {\"adminResolution\":{\"declared\":true,\"installed\":true,\"version\":\"8.13.0\",\"resolution\":\"D:\\\\WWW PROJEKTY\\\\AMAZON02\\\\amazon\\\\functions\\\\node_modules\\\\firebase-admin\\\\lib\\\\index.js\"}}"}}
[info] +  functions[api]: http function initialized (http://localhost:5001/poradnik-6eee8/us-central1/api). {"metadata":{"emulator":{"name":"functions"},"message":"\u001b[1mhttp\u001b[22m function initialized (http://localhost:5001/poradnik-6eee8/us-central1/api)."}}
[info] 
┌───────────────────────────────────────────────────────────────────────┐
│ ✔  All emulators ready! View status and logs at http://localhost:4000 │
└───────────────────────────────────────────────────────────────────────┘

┌───────────┬────────────────┬─────────────────────────────────┐
│ Emulator  │ Host:Port      │ View in Emulator UI             │
├───────────┼────────────────┼─────────────────────────────────┤
│ Functions │ localhost:5001 │ http://localhost:4000/functions │
└───────────┴────────────────┴─────────────────────────────────┘
  Other reserved ports: 4400, 4500

Issues? Report them at https://github.com/firebase/firebase-tools/issues and attach the *-debug.log files.
 
[debug] [2020-11-13T00:06:59.162Z] [worker-~diagnostic~-296ff6b1-1b22-4c5a-a23e-138e45799dbf]: IDLE {"metadata":{"emulator":{"name":"functions"},"message":"[worker-~diagnostic~-296ff6b1-1b22-4c5a-a23e-138e45799dbf]: IDLE"}}
[debug] [2020-11-13T00:11:21.233Z] [work-queue] {"queueLength":1,"workRunningCount":0}
[debug] [2020-11-13T00:11:21.234Z] [work-queue] {"queueLength":0,"workRunningCount":1}
[debug] [2020-11-13T00:11:21.234Z] Accepted request POST /poradnik-6eee8/us-central1/api/payments/create?total=87798 --> api
[debug] [2020-11-13T00:11:21.240Z] [worker-pool] addWorker(api) {"metadata":{"emulator":{"name":"functions"},"message":"[worker-pool] addWorker(api)"}}
[debug] [2020-11-13T00:11:21.241Z] [worker-pool] Adding worker with key api, total=1 {"metadata":{"emulator":{"name":"functions"},"message":"[worker-pool] Adding worker with key api, total=1"}}
[debug] [2020-11-13T00:11:21.241Z] [worker-pool] submitWork(triggerId=api) {"metadata":{"emulator":{"name":"functions"},"message":"[worker-pool] submitWork(triggerId=api)"}}
[debug] [2020-11-13T00:11:21.241Z] [worker-api-16cb689d-1e1b-4f45-8f33-798da2de54bf]: Assigning socketPath: \\?\pipe\D:\WWW PROJEKTY\AMAZON02\amazon\functions\8108 {"metadata":{"emulator":{"name":"functions"},"message":"[worker-api-16cb689d-1e1b-4f45-8f33-798da2de54bf]: Assigning socketPath: \\\\?\\pipe\\D:\\WWW PROJEKTY\\AMAZON02\\amazon\\functions\\8108"}}
[debug] [2020-11-13T00:11:21.241Z] [worker-api-16cb689d-1e1b-4f45-8f33-798da2de54bf]: BUSY {"metadata":{"emulator":{"name":"functions"},"message":"[worker-api-16cb689d-1e1b-4f45-8f33-798da2de54bf]: BUSY"}}
[debug] [2020-11-13T00:11:21.935Z] [runtime-status] [8108] Functions runtime initialized. {"cwd":"D:\\WWW PROJEKTY\\AMAZON02\\amazon\\functions","node_version":"12.18.0"} {"metadata":{"emulator":{"name":"functions"},"function":{"name":"api"},"message":"[runtime-status] [8108] Functions runtime initialized. {\"cwd\":\"D:\\\\WWW PROJEKTY\\\\AMAZON02\\\\amazon\\\\functions\",\"node_version\":\"12.18.0\"}"}}
[debug] [2020-11-13T00:11:21.937Z] [runtime-status] [8108] Disabled runtime features: undefined {"metadata":{"emulator":{"name":"functions"},"function":{"name":"api"},"message":"[runtime-status] [8108] Disabled runtime features: undefined"}}
[debug] [2020-11-13T00:11:21.987Z] [runtime-status] [8108] Resolved module firebase-admin {"declared":true,"installed":true,"version":"8.13.0","resolution":"D:\\WWW PROJEKTY\\AMAZON02\\amazon\\functions\\node_modules\\firebase-admin\\lib\\index.js"} {"metadata":{"emulator":{"name":"functions"},"function":{"name":"api"},"message":"[runtime-status] [8108] Resolved module firebase-admin {\"declared\":true,\"installed\":true,\"version\":\"8.13.0\",\"resolution\":\"D:\\\\WWW PROJEKTY\\\\AMAZON02\\\\amazon\\\\functions\\\\node_modules\\\\firebase-admin\\\\lib\\\\index.js\"}"}}
[debug] [2020-11-13T00:11:22.020Z] [runtime-status] [8108] Resolved module firebase-functions {"declared":true,"installed":true,"version":"3.11.0","resolution":"D:\\WWW PROJEKTY\\AMAZON02\\amazon\\functions\\node_modules\\firebase-functions\\lib\\index.js"} {"metadata":{"emulator":{"name":"functions"},"function":{"name":"api"},"message":"[runtime-status] [8108] Resolved module firebase-functions {\"declared\":true,\"installed\":true,\"version\":\"3.11.0\",\"resolution\":\"D:\\\\WWW PROJEKTY\\\\AMAZON02\\\\amazon\\\\functions\\\\node_modules\\\\firebase-functions\\\\lib\\\\index.js\"}"}}
[debug] [2020-11-13T00:11:22.021Z] [runtime-status] [8108] Resolved module firebase-functions {"declared":true,"installed":true,"version":"3.11.0","resolution":"D:\\WWW PROJEKTY\\AMAZON02\\amazon\\functions\\node_modules\\firebase-functions\\lib\\index.js"} {"metadata":{"emulator":{"name":"functions"},"function":{"name":"api"},"message":"[runtime-status] [8108] Resolved module firebase-functions {\"declared\":true,\"installed\":true,\"version\":\"3.11.0\",\"resolution\":\"D:\\\\WWW PROJEKTY\\\\AMAZON02\\\\amazon\\\\functions\\\\node_modules\\\\firebase-functions\\\\lib\\\\index.js\"}"}}
[debug] [2020-11-13T00:11:22.023Z] [runtime-status] [8108] Outgoing network have been stubbed. [{"name":"http","status":"mocked"},{"name":"http","status":"mocked"},{"name":"https","status":"mocked"},{"name":"https","status":"mocked"},{"name":"net","status":"mocked"}] {"metadata":{"emulator":{"name":"functions"},"function":{"name":"api"},"message":"[runtime-status] [8108] Outgoing network have been stubbed. [{\"name\":\"http\",\"status\":\"mocked\"},{\"name\":\"http\",\"status\":\"mocked\"},{\"name\":\"https\",\"status\":\"mocked\"},{\"name\":\"https\",\"status\":\"mocked\"},{\"name\":\"net\",\"status\":\"mocked\"}]"}}
[debug] [2020-11-13T00:11:22.024Z] [runtime-status] [8108] Resolved module firebase-functions {"declared":true,"installed":true,"version":"3.11.0","resolution":"D:\\WWW PROJEKTY\\AMAZON02\\amazon\\functions\\node_modules\\firebase-functions\\lib\\index.js"} {"metadata":{"emulator":{"name":"functions"},"function":{"name":"api"},"message":"[runtime-status] [8108] Resolved module firebase-functions {\"declared\":true,\"installed\":true,\"version\":\"3.11.0\",\"resolution\":\"D:\\\\WWW PROJEKTY\\\\AMAZON02\\\\amazon\\\\functions\\\\node_modules\\\\firebase-functions\\\\lib\\\\index.js\"}"}}
[debug] [2020-11-13T00:11:22.456Z] [runtime-status] [8108] Checked functions.config() {"config":{}} {"metadata":{"emulator":{"name":"functions"},"function":{"name":"api"},"message":"[runtime-status] [8108] Checked functions.config() {\"config\":{}}"}}
[debug] [2020-11-13T00:11:22.457Z] [runtime-status] [8108] firebase-functions has been stubbed. {"functionsResolution":{"declared":true,"installed":true,"version":"3.11.0","resolution":"D:\\WWW PROJEKTY\\AMAZON02\\amazon\\functions\\node_modules\\firebase-functions\\lib\\index.js"}} {"metadata":{"emulator":{"name":"functions"},"function":{"name":"api"},"message":"[runtime-status] [8108] firebase-functions has been stubbed. {\"functionsResolution\":{\"declared\":true,\"installed\":true,\"version\":\"3.11.0\",\"resolution\":\"D:\\\\WWW PROJEKTY\\\\AMAZON02\\\\amazon\\\\functions\\\\node_modules\\\\firebase-functions\\\\lib\\\\index.js\"}}"}}
[debug] [2020-11-13T00:11:22.457Z] [runtime-status] [8108] Resolved module firebase-functions {"declared":true,"installed":true,"version":"3.11.0","resolution":"D:\\WWW PROJEKTY\\AMAZON02\\amazon\\functions\\node_modules\\firebase-functions\\lib\\index.js"} {"metadata":{"emulator":{"name":"functions"},"function":{"name":"api"},"message":"[runtime-status] [8108] Resolved module firebase-functions {\"declared\":true,\"installed\":true,\"version\":\"3.11.0\",\"resolution\":\"D:\\\\WWW PROJEKTY\\\\AMAZON02\\\\amazon\\\\functions\\\\node_modules\\\\firebase-functions\\\\lib\\\\index.js\"}"}}
[debug] [2020-11-13T00:11:22.458Z] [runtime-status] [8108] Resolved module firebase-admin {"declared":true,"installed":true,"version":"8.13.0","resolution":"D:\\WWW PROJEKTY\\AMAZON02\\amazon\\functions\\node_modules\\firebase-admin\\lib\\index.js"} {"metadata":{"emulator":{"name":"functions"},"function":{"name":"api"},"message":"[runtime-status] [8108] Resolved module firebase-admin {\"declared\":true,\"installed\":true,\"version\":\"8.13.0\",\"resolution\":\"D:\\\\WWW PROJEKTY\\\\AMAZON02\\\\amazon\\\\functions\\\\node_modules\\\\firebase-admin\\\\lib\\\\index.js\"}"}}
[debug] [2020-11-13T00:11:22.459Z] [runtime-status] [8108] Resolved module firebase-functions {"declared":true,"installed":true,"version":"3.11.0","resolution":"D:\\WWW PROJEKTY\\AMAZON02\\amazon\\functions\\node_modules\\firebase-functions\\lib\\index.js"} {"metadata":{"emulator":{"name":"functions"},"function":{"name":"api"},"message":"[runtime-status] [8108] Resolved module firebase-functions {\"declared\":true,\"installed\":true,\"version\":\"3.11.0\",\"resolution\":\"D:\\\\WWW PROJEKTY\\\\AMAZON02\\\\amazon\\\\functions\\\\node_modules\\\\firebase-functions\\\\lib\\\\index.js\"}"}}
[debug] [2020-11-13T00:11:22.460Z] [runtime-status] [8108] firebase-admin has been stubbed. {"adminResolution":{"declared":true,"installed":true,"version":"8.13.0","resolution":"D:\\WWW PROJEKTY\\AMAZON02\\amazon\\functions\\node_modules\\firebase-admin\\lib\\index.js"}} {"metadata":{"emulator":{"name":"functions"},"function":{"name":"api"},"message":"[runtime-status] [8108] firebase-admin has been stubbed. {\"adminResolution\":{\"declared\":true,\"installed\":true,\"version\":\"8.13.0\",\"resolution\":\"D:\\\\WWW PROJEKTY\\\\AMAZON02\\\\amazon\\\\functions\\\\node_modules\\\\firebase-admin\\\\lib\\\\index.js\"}}"}}
[debug] [2020-11-13T00:11:23.855Z] [runtime-status] [8108] Trigger "api" has been found, beginning invocation! {"metadata":{"emulator":{"name":"functions"},"function":{"name":"api"},"message":"[runtime-status] [8108] Trigger \"api\" has been found, beginning invocation!"}}
[info] i  functions: Beginning execution of "api" {"metadata":{"emulator":{"name":"functions"},"function":{"name":"api"},"message":"Beginning execution of \"api\""}}
[debug] [2020-11-13T00:11:23.856Z] [runtime-status] [8108] triggerDefinition {"httpsTrigger":{},"name":"api","entryPoint":"api"} {"metadata":{"emulator":{"name":"functions"},"function":{"name":"api"},"message":"[runtime-status] [8108] triggerDefinition {\"httpsTrigger\":{},\"name\":\"api\",\"entryPoint\":\"api\"}"}}
[debug] [2020-11-13T00:11:23.857Z] [runtime-status] [8108] Running api in mode HTTPS {"metadata":{"emulator":{"name":"functions"},"function":{"name":"api"},"message":"[runtime-status] [8108] Running api in mode HTTPS"}}
[debug] [2020-11-13T00:11:23.860Z] [runtime-status] [8108] Attempting to listen to socketPath: \\?\pipe\D:\WWW PROJEKTY\AMAZON02\amazon\functions\8108 {"metadata":{"emulator":{"name":"functions"},"function":{"name":"api"},"message":"[runtime-status] [8108] Attempting to listen to socketPath: \\\\?\\pipe\\D:\\WWW PROJEKTY\\AMAZON02\\amazon\\functions\\8108"}}
[debug] [2020-11-13T00:11:23.863Z] [functions] Runtime ready! Sending request! {"metadata":{"emulator":{"name":"functions"},"message":"[functions] Runtime ready! Sending request!"}}
[debug] [2020-11-13T00:11:23.871Z] [runtime-status] [8108] Ephemeral server handling POST request {"metadata":{"emulator":{"name":"functions"},"function":{"name":"api"},"message":"[runtime-status] [8108] Ephemeral server handling POST request"}}
[debug] [2020-11-13T00:11:23.898Z] [runtime-status] [8108] Ephemeral server survived. {"metadata":{"emulator":{"name":"functions"},"function":{"name":"api"},"message":"[runtime-status] [8108] Ephemeral server survived."}}
[info] i  functions: Finished "api" in ~1s {"metadata":{"emulator":{"name":"functions"},"function":{"name":"api"},"message":"Finished \"api\" in ~1s"}}
[debug] [2020-11-13T00:11:24.637Z] [worker-api-16cb689d-1e1b-4f45-8f33-798da2de54bf]: IDLE {"metadata":{"emulator":{"name":"functions"},"message":"[worker-api-16cb689d-1e1b-4f45-8f33-798da2de54bf]: IDLE"}}
[debug] [2020-11-13T00:11:24.637Z] [work-queue] {"queueLength":0,"workRunningCount":0}
[debug] [2020-11-13T00:11:31.539Z] [work-queue] {"queueLength":1,"workRunningCount":0}
[debug] [2020-11-13T00:11:31.539Z] [work-queue] {"queueLength":0,"workRunningCount":1}
[debug] [2020-11-13T00:11:31.539Z] Accepted request POST /poradnik-6eee8/us-central1/api/payments/create?total=0 --> api
[debug] [2020-11-13T00:11:31.539Z] [worker-pool] submitWork(triggerId=api) {"metadata":{"emulator":{"name":"functions"},"message":"[worker-pool] submitWork(triggerId=api)"}}
[debug] [2020-11-13T00:11:31.539Z] [worker-api-16cb689d-1e1b-4f45-8f33-798da2de54bf]: Assigning socketPath: \\?\pipe\D:\WWW PROJEKTY\AMAZON02\amazon\functions\8108 {"metadata":{"emulator":{"name":"functions"},"message":"[worker-api-16cb689d-1e1b-4f45-8f33-798da2de54bf]: Assigning socketPath: \\\\?\\pipe\\D:\\WWW PROJEKTY\\AMAZON02\\amazon\\functions\\8108"}}
[debug] [2020-11-13T00:11:31.540Z] [worker-api-16cb689d-1e1b-4f45-8f33-798da2de54bf]: BUSY {"metadata":{"emulator":{"name":"functions"},"message":"[worker-api-16cb689d-1e1b-4f45-8f33-798da2de54bf]: BUSY"}}
[debug] [2020-11-13T00:11:31.540Z] [runtime-status] [8108] Trigger "api" has been found, beginning invocation! {"metadata":{"emulator":{"name":"functions"},"function":{"name":"api"},"message":"[runtime-status] [8108] Trigger \"api\" has been found, beginning invocation!"}}
[info] i  functions: Beginning execution of "api" {"metadata":{"emulator":{"name":"functions"},"function":{"name":"api"},"message":"Beginning execution of \"api\""}}
[debug] [2020-11-13T00:11:31.541Z] [runtime-status] [8108] triggerDefinition {"httpsTrigger":{},"name":"api","entryPoint":"api"} {"metadata":{"emulator":{"name":"functions"},"function":{"name":"api"},"message":"[runtime-status] [8108] triggerDefinition {\"httpsTrigger\":{},\"name\":\"api\",\"entryPoint\":\"api\"}"}}
[debug] [2020-11-13T00:11:31.541Z] [runtime-status] [8108] Running api in mode HTTPS {"metadata":{"emulator":{"name":"functions"},"function":{"name":"api"},"message":"[runtime-status] [8108] Running api in mode HTTPS"}}
[debug] [2020-11-13T00:11:31.542Z] [runtime-status] [8108] Attempting to listen to socketPath: \\?\pipe\D:\WWW PROJEKTY\AMAZON02\amazon\functions\8108 {"metadata":{"emulator":{"name":"functions"},"function":{"name":"api"},"message":"[runtime-status] [8108] Attempting to listen to socketPath: \\\\?\\pipe\\D:\\WWW PROJEKTY\\AMAZON02\\amazon\\functions\\8108"}}
[debug] [2020-11-13T00:11:31.542Z] [functions] Runtime ready! Sending request! {"metadata":{"emulator":{"name":"functions"},"message":"[functions] Runtime ready! Sending request!"}}
[debug] [2020-11-13T00:11:31.544Z] [runtime-status] [8108] Ephemeral server handling POST request {"metadata":{"emulator":{"name":"functions"},"function":{"name":"api"},"message":"[runtime-status] [8108] Ephemeral server handling POST request"}}
[debug] [2020-11-13T00:11:31.546Z] [runtime-status] [8108] Ephemeral server survived. {"metadata":{"emulator":{"name":"functions"},"function":{"name":"api"},"message":"[runtime-status] [8108] Ephemeral server survived."}}
[info] >  (node:8108) UnhandledPromiseRejectionWarning: Error: This value must be greater than or equal to 1. {"user":"(node:8108) UnhandledPromiseRejectionWarning: Error: This value must be greater than or equal to 1.","metadata":{"emulator":{"name":"functions"},"function":{"name":"api"},"message":"\u001b[90m> \u001b[39m (node:8108) UnhandledPromiseRejectionWarning: Error: This value must be greater than or equal to 1."}}
[info] >      at Function.generate (D:\WWW PROJEKTY\AMAZON02\amazon\functions\node_modules\stripe\lib\Error.js:39:16) {"user":"    at Function.generate (D:\\WWW PROJEKTY\\AMAZON02\\amazon\\functions\\node_modules\\stripe\\lib\\Error.js:39:16)","metadata":{"emulator":{"name":"functions"},"function":{"name":"api"},"message":"\u001b[90m> \u001b[39m     at Function.generate (D:\\WWW PROJEKTY\\AMAZON02\\amazon\\functions\\node_modules\\stripe\\lib\\Error.js:39:16)"}}
[info] >      at IncomingMessage.<anonymous> (D:\WWW PROJEKTY\AMAZON02\amazon\functions\node_modules\stripe\lib\StripeResource.js:190:33) {"user":"    at IncomingMessage.<anonymous> (D:\\WWW PROJEKTY\\AMAZON02\\amazon\\functions\\node_modules\\stripe\\lib\\StripeResource.js:190:33)","metadata":{"emulator":{"name":"functions"},"function":{"name":"api"},"message":"\u001b[90m> \u001b[39m     at IncomingMessage.<anonymous> (D:\\WWW PROJEKTY\\AMAZON02\\amazon\\functions\\node_modules\\stripe\\lib\\StripeResource.js:190:33)"}}
[info] >      at Object.onceWrapper (events.js:421:28) {"user":"    at Object.onceWrapper (events.js:421:28)","metadata":{"emulator":{"name":"functions"},"function":{"name":"api"},"message":"\u001b[90m> \u001b[39m     at Object.onceWrapper (events.js:421:28)"}}
[info] >      at IncomingMessage.emit (events.js:327:22) {"user":"    at IncomingMessage.emit (events.js:327:22)","metadata":{"emulator":{"name":"functions"},"function":{"name":"api"},"message":"\u001b[90m> \u001b[39m     at IncomingMessage.emit (events.js:327:22)"}}
[info] >      at endReadableNT (_stream_readable.js:1221:12) {"user":"    at endReadableNT (_stream_readable.js:1221:12)","metadata":{"emulator":{"name":"functions"},"function":{"name":"api"},"message":"\u001b[90m> \u001b[39m     at endReadableNT (_stream_readable.js:1221:12)"}}
[info] >      at processTicksAndRejections (internal/process/task_queues.js:84:21) {"user":"    at processTicksAndRejections (internal/process/task_queues.js:84:21)","metadata":{"emulator":{"name":"functions"},"function":{"name":"api"},"message":"\u001b[90m> \u001b[39m     at processTicksAndRejections (internal/process/task_queues.js:84:21)"}}
[info] >  (node:8108) UnhandledPromiseRejectionWarning: Unhandled promise rejection. This error originated either by throwing inside of an async function without a catch block, or by rejecting a promise which was not handled with .catch(). To terminate the node process on unhandled promise rejection, use the CLI flag `--unhandled-rejections=strict` (see https://nodejs.org/api/cli.html#cli_unhandled_rejections_mode). (rejection id: 1) {"user":"(node:8108) UnhandledPromiseRejectionWarning: Unhandled promise rejection. This error originated either by throwing inside of an async function without a catch block, or by rejecting a promise which was not handled with .catch(). To terminate the node process on unhandled promise rejection, use the CLI flag `--unhandled-rejections=strict` (see https://nodejs.org/api/cli.html#cli_unhandled_rejections_mode). (rejection id: 1)","metadata":{"emulator":{"name":"functions"},"function":{"name":"api"},"message":"\u001b[90m> \u001b[39m (node:8108) UnhandledPromiseRejectionWarning: Unhandled promise rejection. This error originated either by throwing inside of an async function without a catch block, or by rejecting a promise which was not handled with .catch(). To terminate the node process on unhandled promise rejection, use the CLI flag `--unhandled-rejections=strict` (see https://nodejs.org/api/cli.html#cli_unhandled_rejections_mode). (rejection id: 1)"}}
[info] >  (node:8108) [DEP0018] DeprecationWarning: Unhandled promise rejections are deprecated. In the future, promise rejections that are not handled will terminate the Node.js process with a non-zero exit code. {"user":"(node:8108) [DEP0018] DeprecationWarning: Unhandled promise rejections are deprecated. In the future, promise rejections that are not handled will terminate the Node.js process with a non-zero exit code.","metadata":{"emulator":{"name":"functions"},"function":{"name":"api"},"message":"\u001b[90m> \u001b[39m (node:8108) [DEP0018] DeprecationWarning: Unhandled promise rejections are deprecated. In the future, promise rejections that are not handled will terminate the Node.js process with a non-zero exit code."}}
[warn] !  functions: Your function timed out after ~60s. To configure this timeout, see
      https://firebase.google.com/docs/functions/manage-functions#set_timeout_and_memory_allocation. {"metadata":{"emulator":{"name":"functions"},"function":{"name":"api"},"message":"Your function timed out after ~60s. To configure this timeout, see\n      https://firebase.google.com/docs/functions/manage-functions#set_timeout_and_memory_allocation."}}
[info] >  C:\Users\strzy\AppData\Roaming\npm\node_modules\firebase-tools\lib\emulator\functionsEmulatorRuntime.js:642 {"user":"C:\\Users\\strzy\\AppData\\Roaming\\npm\\node_modules\\firebase-tools\\lib\\emulator\\functionsEmulatorRuntime.js:642\r","metadata":{"emulator":{"name":"functions"},"function":{"name":"api"},"message":"\u001b[90m> \u001b[39m C:\\Users\\strzy\\AppData\\Roaming\\npm\\node_modules\\firebase-tools\\lib\\emulator\\functionsEmulatorRuntime.js:642\r"}}
[info] >                  throw new Error("Function timed out."); {"user":"                throw new Error(\"Function timed out.\");\r","metadata":{"emulator":{"name":"functions"},"function":{"name":"api"},"message":"\u001b[90m> \u001b[39m                 throw new Error(\"Function timed out.\");\r"}}
[info] >                  ^ {"user":"                ^\r","metadata":{"emulator":{"name":"functions"},"function":{"name":"api"},"message":"\u001b[90m> \u001b[39m                 ^\r"}}
[info] >   {"user":"\r","metadata":{"emulator":{"name":"functions"},"function":{"name":"api"},"message":"\u001b[90m> \u001b[39m \r"}}
[info] >  Error: Function timed out. {"user":"Error: Function timed out.\r","metadata":{"emulator":{"name":"functions"},"function":{"name":"api"},"message":"\u001b[90m> \u001b[39m Error: Function timed out.\r"}}
[info] >      at Timeout._onTimeout (C:\Users\strzy\AppData\Roaming\npm\node_modules\firebase-tools\lib\emulator\functionsEmulatorRuntime.js:642:23) {"user":"    at Timeout._onTimeout (C:\\Users\\strzy\\AppData\\Roaming\\npm\\node_modules\\firebase-tools\\lib\\emulator\\functionsEmulatorRuntime.js:642:23)\r","metadata":{"emulator":{"name":"functions"},"function":{"name":"api"},"message":"\u001b[90m> \u001b[39m     at Timeout._onTimeout (C:\\Users\\strzy\\AppData\\Roaming\\npm\\node_modules\\firebase-tools\\lib\\emulator\\functionsEmulatorRuntime.js:642:23)\r"}}
[info] >      at listOnTimeout (internal/timers.js:549:17) {"user":"    at listOnTimeout (internal/timers.js:549:17)\r","metadata":{"emulator":{"name":"functions"},"function":{"name":"api"},"message":"\u001b[90m> \u001b[39m     at listOnTimeout (internal/timers.js:549:17)\r"}}
[info] >      at processTimers (internal/timers.js:492:7) {"user":"    at processTimers (internal/timers.js:492:7)\r","metadata":{"emulator":{"name":"functions"},"function":{"name":"api"},"message":"\u001b[90m> \u001b[39m     at processTimers (internal/timers.js:492:7)\r"}}
[debug] [2020-11-13T00:12:31.559Z] [worker-api-16cb689d-1e1b-4f45-8f33-798da2de54bf]: exited {"metadata":{"emulator":{"name":"functions"},"message":"[worker-api-16cb689d-1e1b-4f45-8f33-798da2de54bf]: exited"}}
[debug] [2020-11-13T00:12:31.559Z] [worker-api-16cb689d-1e1b-4f45-8f33-798da2de54bf]: FINISHED {"metadata":{"emulator":{"name":"functions"},"message":"[worker-api-16cb689d-1e1b-4f45-8f33-798da2de54bf]: FINISHED"}}
[debug] [2020-11-13T00:12:31.559Z] [work-queue] {"queueLength":0,"workRunningCount":0}
[debug] [2020-11-13T00:16:23.828Z] [work-queue] {"queueLength":1,"workRunningCount":0}
[debug] [2020-11-13T00:16:23.828Z] [work-queue] {"queueLength":0,"workRunningCount":1}
[debug] [2020-11-13T00:16:23.828Z] Accepted request POST /poradnik-6eee8/us-central1/api/payments/create?total=87798 --> api
[debug] [2020-11-13T00:16:23.828Z] [worker-pool] Cleaned up workers for api: 1 --> 0 {"metadata":{"emulator":{"name":"functions"},"message":"[worker-pool] Cleaned up workers for api: 1 --> 0"}}
[debug] [2020-11-13T00:16:23.834Z] [worker-pool] addWorker(api) {"metadata":{"emulator":{"name":"functions"},"message":"[worker-pool] addWorker(api)"}}
[debug] [2020-11-13T00:16:23.834Z] [worker-pool] Adding worker with key api, total=1 {"metadata":{"emulator":{"name":"functions"},"message":"[worker-pool] Adding worker with key api, total=1"}}
[debug] [2020-11-13T00:16:23.834Z] [worker-pool] submitWork(triggerId=api) {"metadata":{"emulator":{"name":"functions"},"message":"[worker-pool] submitWork(triggerId=api)"}}
[debug] [2020-11-13T00:16:23.835Z] [worker-api-15ae23db-73ba-457a-9b08-48dbf2c61220]: Assigning socketPath: \\?\pipe\D:\WWW PROJEKTY\AMAZON02\amazon\functions\8424 {"metadata":{"emulator":{"name":"functions"},"message":"[worker-api-15ae23db-73ba-457a-9b08-48dbf2c61220]: Assigning socketPath: \\\\?\\pipe\\D:\\WWW PROJEKTY\\AMAZON02\\amazon\\functions\\8424"}}
[debug] [2020-11-13T00:16:23.835Z] [worker-api-15ae23db-73ba-457a-9b08-48dbf2c61220]: BUSY {"metadata":{"emulator":{"name":"functions"},"message":"[worker-api-15ae23db-73ba-457a-9b08-48dbf2c61220]: BUSY"}}
[debug] [2020-11-13T00:16:24.537Z] [runtime-status] [8424] Functions runtime initialized. {"cwd":"D:\\WWW PROJEKTY\\AMAZON02\\amazon\\functions","node_version":"12.18.0"} {"metadata":{"emulator":{"name":"functions"},"function":{"name":"api"},"message":"[runtime-status] [8424] Functions runtime initialized. {\"cwd\":\"D:\\\\WWW PROJEKTY\\\\AMAZON02\\\\amazon\\\\functions\",\"node_version\":\"12.18.0\"}"}}
[debug] [2020-11-13T00:16:24.539Z] [runtime-status] [8424] Disabled runtime features: undefined {"metadata":{"emulator":{"name":"functions"},"function":{"name":"api"},"message":"[runtime-status] [8424] Disabled runtime features: undefined"}}
[debug] [2020-11-13T00:16:24.572Z] [runtime-status] [8424] Resolved module firebase-admin {"declared":true,"installed":true,"version":"8.13.0","resolution":"D:\\WWW PROJEKTY\\AMAZON02\\amazon\\functions\\node_modules\\firebase-admin\\lib\\index.js"} {"metadata":{"emulator":{"name":"functions"},"function":{"name":"api"},"message":"[runtime-status] [8424] Resolved module firebase-admin {\"declared\":true,\"installed\":true,\"version\":\"8.13.0\",\"resolution\":\"D:\\\\WWW PROJEKTY\\\\AMAZON02\\\\amazon\\\\functions\\\\node_modules\\\\firebase-admin\\\\lib\\\\index.js\"}"}}
[debug] [2020-11-13T00:16:24.584Z] [runtime-status] [8424] Resolved module firebase-functions {"declared":true,"installed":true,"version":"3.11.0","resolution":"D:\\WWW PROJEKTY\\AMAZON02\\amazon\\functions\\node_modules\\firebase-functions\\lib\\index.js"} {"metadata":{"emulator":{"name":"functions"},"function":{"name":"api"},"message":"[runtime-status] [8424] Resolved module firebase-functions {\"declared\":true,\"installed\":true,\"version\":\"3.11.0\",\"resolution\":\"D:\\\\WWW PROJEKTY\\\\AMAZON02\\\\amazon\\\\functions\\\\node_modules\\\\firebase-functions\\\\lib\\\\index.js\"}"}}
[debug] [2020-11-13T00:16:24.586Z] [runtime-status] [8424] Resolved module firebase-functions {"declared":true,"installed":true,"version":"3.11.0","resolution":"D:\\WWW PROJEKTY\\AMAZON02\\amazon\\functions\\node_modules\\firebase-functions\\lib\\index.js"} {"metadata":{"emulator":{"name":"functions"},"function":{"name":"api"},"message":"[runtime-status] [8424] Resolved module firebase-functions {\"declared\":true,\"installed\":true,\"version\":\"3.11.0\",\"resolution\":\"D:\\\\WWW PROJEKTY\\\\AMAZON02\\\\amazon\\\\functions\\\\node_modules\\\\firebase-functions\\\\lib\\\\index.js\"}"}}
[debug] [2020-11-13T00:16:24.588Z] [runtime-status] [8424] Outgoing network have been stubbed. [{"name":"http","status":"mocked"},{"name":"http","status":"mocked"},{"name":"https","status":"mocked"},{"name":"https","status":"mocked"},{"name":"net","status":"mocked"}] {"metadata":{"emulator":{"name":"functions"},"function":{"name":"api"},"message":"[runtime-status] [8424] Outgoing network have been stubbed. [{\"name\":\"http\",\"status\":\"mocked\"},{\"name\":\"http\",\"status\":\"mocked\"},{\"name\":\"https\",\"status\":\"mocked\"},{\"name\":\"https\",\"status\":\"mocked\"},{\"name\":\"net\",\"status\":\"mocked\"}]"}}
[debug] [2020-11-13T00:16:24.589Z] [runtime-status] [8424] Resolved module firebase-functions {"declared":true,"installed":true,"version":"3.11.0","resolution":"D:\\WWW PROJEKTY\\AMAZON02\\amazon\\functions\\node_modules\\firebase-functions\\lib\\index.js"} {"metadata":{"emulator":{"name":"functions"},"function":{"name":"api"},"message":"[runtime-status] [8424] Resolved module firebase-functions {\"declared\":true,\"installed\":true,\"version\":\"3.11.0\",\"resolution\":\"D:\\\\WWW PROJEKTY\\\\AMAZON02\\\\amazon\\\\functions\\\\node_modules\\\\firebase-functions\\\\lib\\\\index.js\"}"}}
[debug] [2020-11-13T00:16:24.746Z] [runtime-status] [8424] Checked functions.config() {"config":{}} {"metadata":{"emulator":{"name":"functions"},"function":{"name":"api"},"message":"[runtime-status] [8424] Checked functions.config() {\"config\":{}}"}}
[debug] [2020-11-13T00:16:24.746Z] [runtime-status] [8424] firebase-functions has been stubbed. {"functionsResolution":{"declared":true,"installed":true,"version":"3.11.0","resolution":"D:\\WWW PROJEKTY\\AMAZON02\\amazon\\functions\\node_modules\\firebase-functions\\lib\\index.js"}} {"metadata":{"emulator":{"name":"functions"},"function":{"name":"api"},"message":"[runtime-status] [8424] firebase-functions has been stubbed. {\"functionsResolution\":{\"declared\":true,\"installed\":true,\"version\":\"3.11.0\",\"resolution\":\"D:\\\\WWW PROJEKTY\\\\AMAZON02\\\\amazon\\\\functions\\\\node_modules\\\\firebase-functions\\\\lib\\\\index.js\"}}"}}
[debug] [2020-11-13T00:16:24.747Z] [runtime-status] [8424] Resolved module firebase-functions {"declared":true,"installed":true,"version":"3.11.0","resolution":"D:\\WWW PROJEKTY\\AMAZON02\\amazon\\functions\\node_modules\\firebase-functions\\lib\\index.js"} {"metadata":{"emulator":{"name":"functions"},"function":{"name":"api"},"message":"[runtime-status] [8424] Resolved module firebase-functions {\"declared\":true,\"installed\":true,\"version\":\"3.11.0\",\"resolution\":\"D:\\\\WWW PROJEKTY\\\\AMAZON02\\\\amazon\\\\functions\\\\node_modules\\\\firebase-functions\\\\lib\\\\index.js\"}"}}
[debug] [2020-11-13T00:16:24.748Z] [runtime-status] [8424] Resolved module firebase-admin {"declared":true,"installed":true,"version":"8.13.0","resolution":"D:\\WWW PROJEKTY\\AMAZON02\\amazon\\functions\\node_modules\\firebase-admin\\lib\\index.js"} {"metadata":{"emulator":{"name":"functions"},"function":{"name":"api"},"message":"[runtime-status] [8424] Resolved module firebase-admin {\"declared\":true,\"installed\":true,\"version\":\"8.13.0\",\"resolution\":\"D:\\\\WWW PROJEKTY\\\\AMAZON02\\\\amazon\\\\functions\\\\node_modules\\\\firebase-admin\\\\lib\\\\index.js\"}"}}
[debug] [2020-11-13T00:16:24.749Z] [runtime-status] [8424] Resolved module firebase-functions {"declared":true,"installed":true,"version":"3.11.0","resolution":"D:\\WWW PROJEKTY\\AMAZON02\\amazon\\functions\\node_modules\\firebase-functions\\lib\\index.js"} {"metadata":{"emulator":{"name":"functions"},"function":{"name":"api"},"message":"[runtime-status] [8424] Resolved module firebase-functions {\"declared\":true,\"installed\":true,\"version\":\"3.11.0\",\"resolution\":\"D:\\\\WWW PROJEKTY\\\\AMAZON02\\\\amazon\\\\functions\\\\node_modules\\\\firebase-functions\\\\lib\\\\index.js\"}"}}
[debug] [2020-11-13T00:16:24.749Z] [runtime-status] [8424] firebase-admin has been stubbed. {"adminResolution":{"declared":true,"installed":true,"version":"8.13.0","resolution":"D:\\WWW PROJEKTY\\AMAZON02\\amazon\\functions\\node_modules\\firebase-admin\\lib\\index.js"}} {"metadata":{"emulator":{"name":"functions"},"function":{"name":"api"},"message":"[runtime-status] [8424] firebase-admin has been stubbed. {\"adminResolution\":{\"declared\":true,\"installed\":true,\"version\":\"8.13.0\",\"resolution\":\"D:\\\\WWW PROJEKTY\\\\AMAZON02\\\\amazon\\\\functions\\\\node_modules\\\\firebase-admin\\\\lib\\\\index.js\"}}"}}
[debug] [2020-11-13T00:16:25.544Z] [runtime-status] [8424] Trigger "api" has been found, beginning invocation! {"metadata":{"emulator":{"name":"functions"},"function":{"name":"api"},"message":"[runtime-status] [8424] Trigger \"api\" has been found, beginning invocation!"}}
[info] i  functions: Beginning execution of "api" {"metadata":{"emulator":{"name":"functions"},"function":{"name":"api"},"message":"Beginning execution of \"api\""}}
[debug] [2020-11-13T00:16:25.545Z] [runtime-status] [8424] triggerDefinition {"httpsTrigger":{},"name":"api","entryPoint":"api"} {"metadata":{"emulator":{"name":"functions"},"function":{"name":"api"},"message":"[runtime-status] [8424] triggerDefinition {\"httpsTrigger\":{},\"name\":\"api\",\"entryPoint\":\"api\"}"}}
[debug] [2020-11-13T00:16:25.546Z] [runtime-status] [8424] Running api in mode HTTPS {"metadata":{"emulator":{"name":"functions"},"function":{"name":"api"},"message":"[runtime-status] [8424] Running api in mode HTTPS"}}
[debug] [2020-11-13T00:16:25.549Z] [runtime-status] [8424] Attempting to listen to socketPath: \\?\pipe\D:\WWW PROJEKTY\AMAZON02\amazon\functions\8424 {"metadata":{"emulator":{"name":"functions"},"function":{"name":"api"},"message":"[runtime-status] [8424] Attempting to listen to socketPath: \\\\?\\pipe\\D:\\WWW PROJEKTY\\AMAZON02\\amazon\\functions\\8424"}}
[debug] [2020-11-13T00:16:25.552Z] [functions] Runtime ready! Sending request! {"metadata":{"emulator":{"name":"functions"},"message":"[functions] Runtime ready! Sending request!"}}
[debug] [2020-11-13T00:16:25.560Z] [runtime-status] [8424] Ephemeral server handling POST request {"metadata":{"emulator":{"name":"functions"},"function":{"name":"api"},"message":"[runtime-status] [8424] Ephemeral server handling POST request"}}
[debug] [2020-11-13T00:16:25.586Z] [runtime-status] [8424] Ephemeral server survived. {"metadata":{"emulator":{"name":"functions"},"function":{"name":"api"},"message":"[runtime-status] [8424] Ephemeral server survived."}}
[info] i  functions: Finished "api" in ~1s {"metadata":{"emulator":{"name":"functions"},"function":{"name":"api"},"message":"Finished \"api\" in ~1s"}}
[debug] [2020-11-13T00:16:26.161Z] [worker-api-15ae23db-73ba-457a-9b08-48dbf2c61220]: IDLE {"metadata":{"emulator":{"name":"functions"},"message":"[worker-api-15ae23db-73ba-457a-9b08-48dbf2c61220]: IDLE"}}
[debug] [2020-11-13T00:16:26.162Z] [work-queue] {"queueLength":0,"workRunningCount":0}
[debug] [2020-11-13T00:16:33.530Z] [work-queue] {"queueLength":1,"workRunningCount":0}
[debug] [2020-11-13T00:16:33.530Z] [work-queue] {"queueLength":0,"workRunningCount":1}
[debug] [2020-11-13T00:16:33.530Z] Accepted request POST /poradnik-6eee8/us-central1/api/payments/create?total=0 --> api
[debug] [2020-11-13T00:16:33.530Z] [worker-pool] submitWork(triggerId=api) {"metadata":{"emulator":{"name":"functions"},"message":"[worker-pool] submitWork(triggerId=api)"}}
[debug] [2020-11-13T00:16:33.530Z] [worker-api-15ae23db-73ba-457a-9b08-48dbf2c61220]: Assigning socketPath: \\?\pipe\D:\WWW PROJEKTY\AMAZON02\amazon\functions\8424 {"metadata":{"emulator":{"name":"functions"},"message":"[worker-api-15ae23db-73ba-457a-9b08-48dbf2c61220]: Assigning socketPath: \\\\?\\pipe\\D:\\WWW PROJEKTY\\AMAZON02\\amazon\\functions\\8424"}}
[debug] [2020-11-13T00:16:33.531Z] [worker-api-15ae23db-73ba-457a-9b08-48dbf2c61220]: BUSY {"metadata":{"emulator":{"name":"functions"},"message":"[worker-api-15ae23db-73ba-457a-9b08-48dbf2c61220]: BUSY"}}
[debug] [2020-11-13T00:16:33.531Z] [runtime-status] [8424] Trigger "api" has been found, beginning invocation! {"metadata":{"emulator":{"name":"functions"},"function":{"name":"api"},"message":"[runtime-status] [8424] Trigger \"api\" has been found, beginning invocation!"}}
[info] i  functions: Beginning execution of "api" {"metadata":{"emulator":{"name":"functions"},"function":{"name":"api"},"message":"Beginning execution of \"api\""}}
[debug] [2020-11-13T00:16:33.533Z] [runtime-status] [8424] triggerDefinition {"httpsTrigger":{},"name":"api","entryPoint":"api"} {"metadata":{"emulator":{"name":"functions"},"function":{"name":"api"},"message":"[runtime-status] [8424] triggerDefinition {\"httpsTrigger\":{},\"name\":\"api\",\"entryPoint\":\"api\"}"}}
[debug] [2020-11-13T00:16:33.534Z] [runtime-status] [8424] Running api in mode HTTPS {"metadata":{"emulator":{"name":"functions"},"function":{"name":"api"},"message":"[runtime-status] [8424] Running api in mode HTTPS"}}
[debug] [2020-11-13T00:16:33.534Z] [runtime-status] [8424] Attempting to listen to socketPath: \\?\pipe\D:\WWW PROJEKTY\AMAZON02\amazon\functions\8424 {"metadata":{"emulator":{"name":"functions"},"function":{"name":"api"},"message":"[runtime-status] [8424] Attempting to listen to socketPath: \\\\?\\pipe\\D:\\WWW PROJEKTY\\AMAZON02\\amazon\\functions\\8424"}}
[debug] [2020-11-13T00:16:33.534Z] [functions] Runtime ready! Sending request! {"metadata":{"emulator":{"name":"functions"},"message":"[functions] Runtime ready! Sending request!"}}
[debug] [2020-11-13T00:16:33.536Z] [runtime-status] [8424] Ephemeral server handling POST request {"metadata":{"emulator":{"name":"functions"},"function":{"name":"api"},"message":"[runtime-status] [8424] Ephemeral server handling POST request"}}
[debug] [2020-11-13T00:16:33.538Z] [runtime-status] [8424] Ephemeral server survived. {"metadata":{"emulator":{"name":"functions"},"function":{"name":"api"},"message":"[runtime-status] [8424] Ephemeral server survived."}}
[info] >  (node:8424) UnhandledPromiseRejectionWarning: Error: This value must be greater than or equal to 1. {"user":"(node:8424) UnhandledPromiseRejectionWarning: Error: This value must be greater than or equal to 1.","metadata":{"emulator":{"name":"functions"},"function":{"name":"api"},"message":"\u001b[90m> \u001b[39m (node:8424) UnhandledPromiseRejectionWarning: Error: This value must be greater than or equal to 1."}}
[info] >      at Function.generate (D:\WWW PROJEKTY\AMAZON02\amazon\functions\node_modules\stripe\lib\Error.js:39:16) {"user":"    at Function.generate (D:\\WWW PROJEKTY\\AMAZON02\\amazon\\functions\\node_modules\\stripe\\lib\\Error.js:39:16)","metadata":{"emulator":{"name":"functions"},"function":{"name":"api"},"message":"\u001b[90m> \u001b[39m     at Function.generate (D:\\WWW PROJEKTY\\AMAZON02\\amazon\\functions\\node_modules\\stripe\\lib\\Error.js:39:16)"}}
[info] >      at IncomingMessage.<anonymous> (D:\WWW PROJEKTY\AMAZON02\amazon\functions\node_modules\stripe\lib\StripeResource.js:190:33) {"user":"    at IncomingMessage.<anonymous> (D:\\WWW PROJEKTY\\AMAZON02\\amazon\\functions\\node_modules\\stripe\\lib\\StripeResource.js:190:33)","metadata":{"emulator":{"name":"functions"},"function":{"name":"api"},"message":"\u001b[90m> \u001b[39m     at IncomingMessage.<anonymous> (D:\\WWW PROJEKTY\\AMAZON02\\amazon\\functions\\node_modules\\stripe\\lib\\StripeResource.js:190:33)"}}
[info] >      at Object.onceWrapper (events.js:421:28) {"user":"    at Object.onceWrapper (events.js:421:28)","metadata":{"emulator":{"name":"functions"},"function":{"name":"api"},"message":"\u001b[90m> \u001b[39m     at Object.onceWrapper (events.js:421:28)"}}
[info] >      at IncomingMessage.emit (events.js:327:22) {"user":"    at IncomingMessage.emit (events.js:327:22)","metadata":{"emulator":{"name":"functions"},"function":{"name":"api"},"message":"\u001b[90m> \u001b[39m     at IncomingMessage.emit (events.js:327:22)"}}
[info] >      at endReadableNT (_stream_readable.js:1221:12) {"user":"    at endReadableNT (_stream_readable.js:1221:12)","metadata":{"emulator":{"name":"functions"},"function":{"name":"api"},"message":"\u001b[90m> \u001b[39m     at endReadableNT (_stream_readable.js:1221:12)"}}
[info] >      at processTicksAndRejections (internal/process/task_queues.js:84:21) {"user":"    at processTicksAndRejections (internal/process/task_queues.js:84:21)","metadata":{"emulator":{"name":"functions"},"function":{"name":"api"},"message":"\u001b[90m> \u001b[39m     at processTicksAndRejections (internal/process/task_queues.js:84:21)"}}
[info] >  (node:8424) UnhandledPromiseRejectionWarning: Unhandled promise rejection. This error originated either by throwing inside of an async function without a catch block, or by rejecting a promise which was not handled with .catch(). To terminate the node process on unhandled promise rejection, use the CLI flag `--unhandled-rejections=strict` (see https://nodejs.org/api/cli.html#cli_unhandled_rejections_mode). (rejection id: 1) {"user":"(node:8424) UnhandledPromiseRejectionWarning: Unhandled promise rejection. This error originated either by throwing inside of an async function without a catch block, or by rejecting a promise which was not handled with .catch(). To terminate the node process on unhandled promise rejection, use the CLI flag `--unhandled-rejections=strict` (see https://nodejs.org/api/cli.html#cli_unhandled_rejections_mode). (rejection id: 1)","metadata":{"emulator":{"name":"functions"},"function":{"name":"api"},"message":"\u001b[90m> \u001b[39m (node:8424) UnhandledPromiseRejectionWarning: Unhandled promise rejection. This error originated either by throwing inside of an async function without a catch block, or by rejecting a promise which was not handled with .catch(). To terminate the node process on unhandled promise rejection, use the CLI flag `--unhandled-rejections=strict` (see https://nodejs.org/api/cli.html#cli_unhandled_rejections_mode). (rejection id: 1)"}}
[info] >  (node:8424) [DEP0018] DeprecationWarning: Unhandled promise rejections are deprecated. In the future, promise rejections that are not handled will terminate the Node.js process with a non-zero exit code. {"user":"(node:8424) [DEP0018] DeprecationWarning: Unhandled promise rejections are deprecated. In the future, promise rejections that are not handled will terminate the Node.js process with a non-zero exit code.","metadata":{"emulator":{"name":"functions"},"function":{"name":"api"},"message":"\u001b[90m> \u001b[39m (node:8424) [DEP0018] DeprecationWarning: Unhandled promise rejections are deprecated. In the future, promise rejections that are not handled will terminate the Node.js process with a non-zero exit code."}}
